<?xml version="1.0" encoding="UTF-8"?>
<testng-results ignored="0" total="1" passed="1" failed="0" skipped="0">
  <reporter-output>
  </reporter-output>
  <suite started-at="2023-04-25T10:56:13 EDT" name="Test Suite" finished-at="2023-04-25T10:56:21 EDT" duration-ms="8047">
    <groups>
    </groups>
    <test started-at="2023-04-25T10:56:13 EDT" name="Retail Test" finished-at="2023-04-25T10:56:21 EDT" duration-ms="8047">
      <class name="tek.sqa.framework.tests.RetailTest">
        <test-method is-config="true" signature="setUpTest()[pri:0, instance:tek.sqa.framework.tests.RetailTest@7f485fda]" started-at="2023-04-25T10:56:13 EDT" name="setUpTest" finished-at="2023-04-25T10:56:19 EDT" duration-ms="5281" status="PASS">
          <reporter-output>
          </reporter-output>
        </test-method> <!-- setUpTest -->
        <test-method signature="endToEndTest(java.lang.String,java.lang.String)[pri:0, instance:tek.sqa.framework.tests.RetailTest@7f485fda]" started-at="2023-04-25T10:56:19 EDT" name="endToEndTest" finished-at="2023-04-25T10:56:20 EDT" duration-ms="1468" status="PASS">
          <params>
            <param index="0">
              <value>
                <![CDATA[shaiq.ahmad@tekschool.us]]>
              </value>
            </param>
            <param index="1">
              <value>
                <![CDATA[Test@12345]]>
              </value>
            </param>
          </params>
          <reporter-output>
          </reporter-output>
        </test-method> <!-- endToEndTest -->
        <test-method is-config="true" signature="closeTest(org.testng.ITestResult)[pri:0, instance:tek.sqa.framework.tests.RetailTest@7f485fda]" started-at="2023-04-25T10:56:20 EDT" name="closeTest" finished-at="2023-04-25T10:56:21 EDT" duration-ms="945" status="PASS">
          <params>
            <param index="0">
              <value>
                <![CDATA[[TestResult name=endToEndTest status=SUCCESS method=RetailTest.endToEndTest(java.lang.String,java.lang.String)[pri:0, instance:tek.sqa.framework.tests.RetailTest@7f485fda] output={null}]]]>
              </value>
            </param>
          </params>
          <reporter-output>
          </reporter-output>
        </test-method> <!-- closeTest -->
      </class> <!-- tek.sqa.framework.tests.RetailTest -->
    </test> <!-- Retail Test -->
  </suite> <!-- Test Suite -->
</testng-results>
